[2020-08-25T00:02:20.366] [INFO] default - [192.168.164.1:8081] [/birdmock/package.json]GET=>请求参数:
{}
[2020-08-25T23:18:11.415] [INFO] default - [www.baidu.com] [/]GET=>请求参数:
{}
[2020-08-25T23:22:33.873] [INFO] default - [www.baidu.com] [/]GET=>请求参数:
{}
[2020-08-25T23:23:39.569] [INFO] default - [www.baidu.com] [/]GET=>请求参数:
{}
[2020-08-25T23:24:11.716] [INFO] default - [www.baidu.com] [/]GET=>请求参数:
{}
[2020-08-25T23:31:29.580] [INFO] default - [www.baidu.com:undefined] [/]GET=>请求参数:
{}
[2020-08-25T23:36:22.928] [INFO] default - [www.baidu.com:undefined] [/]GET=>请求参数:
{}
[2020-08-25T23:37:24.370] [INFO] default - [www.baidu.com] [/]GET=>请求参数:
{}
[2020-08-25T23:39:40.716] [INFO] default - [zzp-dog.github.io] [/birdmock/package.json]GET=>请求参数:
{}
[2020-08-25T23:41:43.210] [INFO] default - [zzp-dog.github.io] [/birdmock/package.json]GET=>请求参数:
{}
[2020-08-25T23:45:05.814] [INFO] default - [zzp-dog.github.io] [/birdmock/package.json]GET=>请求参数:
{}
[2020-08-25T23:46:12.466] [INFO] default - [zzp-dog.github.io] [/birdmock/package.json]GET=>请求参数:
{}
[2020-08-25T23:48:51.352] [INFO] default - [zzp-dog.github.io] [/birdmock/package.json]GET=>请求参数:
{}
[2020-08-25T23:48:52.060] [INFO] default - [zzp-dog.github.io] [/birdmock/package.json]GET=>请求参数:
{}
[2020-08-25T23:50:51.240] [INFO] default - [zzp-dog.github.io] [/birdmock/package.json]GET=>请求参数:
{}
[2020-08-25T23:53:42.876] [INFO] default - [zzp-dog.github.io] [/birdmock/package.json]GET=>请求参数:
{}
[2020-08-25T23:55:51.334] [INFO] default - [zzp-dog.github.io] [/birdmock/package.json]GET=>请求参数:
{}
[2020-08-25T23:56:35.819] [INFO] default - [zzp-dog.github.io] [/birdmock/package.json]GET=>请求参数:
{}
